#
# There is insufficient memory for the Java Runtime Environment to continue.
# Native memory allocation (mmap) failed to map 266338304 bytes for G1 virtual space
# Possible reasons:
#   The system is out of physical RAM or swap space
#   The process is running with CompressedOops enabled, and the Java Heap may be blocking the growth of the native heap
# Possible solutions:
#   Reduce memory load on the system
#   Increase physical memory or swap space
#   Check if swap backing store is full
#   Decrease Java heap size (-Xmx/-Xms)
#   Decrease number of Java threads
#   Decrease Java thread stack sizes (-Xss)
#   Set larger code cache with -XX:ReservedCodeCacheSize=
#   JVM is running with Zero Based Compressed Oops mode in which the Java heap is
#     placed in the first 32GB address space. The Java Heap base address is the
#     maximum limit for the native heap growth. Please use -XX:HeapBaseMinAddress
#     to set the Java Heap base and to place the Java Heap above 32GB virtual address.
# This output file may be truncated or incomplete.
#
#  Out of Memory Error (os_windows.cpp:3527), pid=29092, tid=29320
#
# JRE version:  (19.0.1+10) (build )
# Java VM: Java HotSpot(TM) 64-Bit Server VM (19.0.1+10-21, mixed mode, emulated-client, sharing, tiered, compressed oops, compressed class ptrs, g1 gc, windows-amd64)
# No core dump will be written. Minidumps are not enabled by default on client versions of Windows
#

---------------  S U M M A R Y ------------

Command Line: -XX:TieredStopAtLevel=1 -Dspring.output.ansi.enabled=always -Dcom.sun.management.jmxremote -Dspring.jmx.enabled=true -Dspring.liveBeansView.mbeanDomain -Dspring.application.admin.enabled=true -javaagent:D:\ruanjian\IntelliJ IDEA 2022.2.3\lib\idea_rt.jar=52161:D:\ruanjian\IntelliJ IDEA 2022.2.3\bin -Dfile.encoding=UTF-8 -Dsun.stdout.encoding=UTF-8 -Dsun.stderr.encoding=UTF-8 com.example.mpdemo.MpdemoApplication

Host: Intel(R) Core(TM) i7-10750H CPU @ 2.60GHz, 12 cores, 15G,  Windows 10 , 64 bit Build 19041 (10.0.19041.2913)
Time: Wed May 10 17:57:49 2023  Windows 10 , 64 bit Build 19041 (10.0.19041.2913) elapsed time: 0.020129 seconds (0d 0h 0m 0s)

---------------  T H R E A D  ---------------

Current thread (0x0000024b0aacf650):  JavaThread "Unknown thread" [_thread_in_vm, id=29320, stack(0x0000007f12100000,0x0000007f12200000)]

Stack: [0x0000007f12100000,0x0000007f12200000]
Native frames: (J=compiled Java code, j=interpreted, Vv=VM code, C=native code)
V  [jvm.dll+0x6ee8fa]
V  [jvm.dll+0x857a1e]
V  [jvm.dll+0x85940e]
V  [jvm.dll+0x859ac3]
V  [jvm.dll+0x28291f]
V  [jvm.dll+0x6eb6e9]
V  [jvm.dll+0x6e028a]
V  [jvm.dll+0x357136]
V  [jvm.dll+0x35eb96]
V  [jvm.dll+0x3b555e]
V  [jvm.dll+0x3b578f]
V  [jvm.dll+0x32c6ea]
V  [jvm.dll+0x32d59e]
V  [jvm.dll+0x821b20]
V  [jvm.dll+0x3c27c1]
V  [jvm.dll+0x8022f1]
V  [jvm.dll+0x44b30f]
V  [jvm.dll+0x44cc91]
C  [jli.dll+0x5287]
C  [ucrtbase.dll+0x21bb2]
C  [KERNEL32.DLL+0x17614]
C  [ntdll.dll+0x526a1]


---------------  P R O C E S S  ---------------

Threads class SMR info:
_java_thread_list=0x00007ff8208cd048, length=0, elements={
}

Java Threads: ( => current thread )

Other Threads:
  0x0000024b0ab41370 WorkerThread "GC Thread#0" [stack: 0x0000007f12200000,0x0000007f12300000] [id=28160]
  0x0000024b0ab521f0 ConcurrentGCThread "G1 Main Marker" [stack: 0x0000007f12300000,0x0000007f12400000] [id=24792]
  0x0000024b0ab533c0 WorkerThread "G1 Conc#0" [stack: 0x0000007f12400000,0x0000007f12500000] [id=28904]

[error occurred during error reporting (printing all threads), id 0xc0000005, EXCEPTION_ACCESS_VIOLATION (0xc0000005) at pc=0x00007ff82008d127]

VM state: not at safepoint (not fully initialized)

VM Mutex/Monitor currently owned by a thread:  ([mutex/lock_event])
[0x0000024b0aace620] Heap_lock - owner thread: 0x0000024b0aacf650

Heap address: 0x0000000702800000, size: 4056 MB, Compressed Oops mode: Zero based, Oop shift amount: 3

CDS archive(s) mapped at: [0x0000000000000000-0x0000000000000000-0x0000000000000000), size 0, SharedBaseAddress: 0x0000000800000000, ArchiveRelocationMode: 0.
Narrow klass base: 0x0000000000000000, Narrow klass shift: 0, Narrow klass range: 0x0

GC Precious Log:
 CardTable entry size: 512
 Card Set container configuration: InlinePtr #cards 4 size 8 Array Of Cards #cards 16 size 48 Howl #buckets 8 coarsen threshold 3686 Howl Bitmap #cards 512 size 80 coarsen threshold 460 Card regions per heap region 1 cards per card region 4096

Heap:
 garbage-first heap   total 0K, used 0K [0x0000000702800000, 0x0000000800000000)
  region size 2048K, 0 young (0K), 0 survivors (0K)

[error occurred during error reporting (printing heap information), id 0xc0000005, EXCEPTION_ACCESS_VIOLATION (0xc0000005) at pc=0x00007ff820496959]

GC Heap History (0 events):
No events

Dll operation events (1 events):
Event: 0.015 Loaded shared library D:\111\jdk-19_windows-x64_bin\jdk-19.0.1\bin\java.dll

Deoptimization events (0 events):
No events

Classes loaded (0 events):
No events

Classes unloaded (0 events):
No events

Classes redefined (0 events):
No events

Internal exceptions (0 events):
No events

VM Operations (0 events):
No events

Events (0 events):
No events


Dynamic libraries:
0x00007ff7c0c90000 - 0x00007ff7c0ca0000 	D:\111\jdk-19_windows-x64_bin\jdk-19.0.1\bin\java.exe
0x00007ff8b6f50000 - 0x00007ff8b7148000 	C:\WINDOWS\SYSTEM32\ntdll.dll
0x00007ff8b5b20000 - 0x00007ff8b5bdf000 	C:\WINDOWS\System32\KERNEL32.DLL
0x00007ff8b46e0000 - 0x00007ff8b49d6000 	C:\WINDOWS\System32\KERNELBASE.dll
0x00007ff8b4eb0000 - 0x00007ff8b4fb0000 	C:\WINDOWS\System32\ucrtbase.dll
0x00007ff8a3510000 - 0x00007ff8a3528000 	D:\111\jdk-19_windows-x64_bin\jdk-19.0.1\bin\jli.dll
0x00007ff8a3df0000 - 0x00007ff8a3e0b000 	D:\111\jdk-19_windows-x64_bin\jdk-19.0.1\bin\VCRUNTIME140.dll
0x00007ff8b5750000 - 0x00007ff8b57ff000 	C:\WINDOWS\System32\ADVAPI32.dll
0x00007ff8b5580000 - 0x00007ff8b561e000 	C:\WINDOWS\System32\msvcrt.dll
0x00007ff8b6870000 - 0x00007ff8b690c000 	C:\WINDOWS\System32\sechost.dll
0x00007ff8b5620000 - 0x00007ff8b5746000 	C:\WINDOWS\System32\RPCRT4.dll
0x00007ff8b5cb0000 - 0x00007ff8b5e4d000 	C:\WINDOWS\System32\USER32.dll
0x00007ff8b4aa0000 - 0x00007ff8b4ac2000 	C:\WINDOWS\System32\win32u.dll
0x00007ff8b5a00000 - 0x00007ff8b5a2c000 	C:\WINDOWS\System32\GDI32.dll
0x00007ff8b4d90000 - 0x00007ff8b4ea5000 	C:\WINDOWS\System32\gdi32full.dll
0x00007ff8b4ad0000 - 0x00007ff8b4b6d000 	C:\WINDOWS\System32\msvcp_win.dll
0x00007ff89c2e0000 - 0x00007ff89c57a000 	C:\WINDOWS\WinSxS\amd64_microsoft.windows.common-controls_6595b64144ccf1df_6.0.19041.1110_none_60b5254171f9507e\COMCTL32.dll
0x00007ff8b0300000 - 0x00007ff8b030a000 	C:\WINDOWS\SYSTEM32\VERSION.dll
0x00007ff8b6ee0000 - 0x00007ff8b6f10000 	C:\WINDOWS\System32\IMM32.DLL
0x00007ff8a8130000 - 0x00007ff8a813c000 	D:\111\jdk-19_windows-x64_bin\jdk-19.0.1\bin\vcruntime140_1.dll
0x00007ff881e40000 - 0x00007ff881ece000 	D:\111\jdk-19_windows-x64_bin\jdk-19.0.1\bin\msvcp140.dll
0x00007ff81fd50000 - 0x00007ff820a10000 	D:\111\jdk-19_windows-x64_bin\jdk-19.0.1\bin\server\jvm.dll
0x00007ff8a42b0000 - 0x00007ff8a42b9000 	C:\WINDOWS\SYSTEM32\WSOCK32.dll
0x00007ff8a4070000 - 0x00007ff8a4097000 	C:\WINDOWS\SYSTEM32\WINMM.dll
0x00007ff8b5f70000 - 0x00007ff8b5fdb000 	C:\WINDOWS\System32\WS2_32.dll
0x00007ff8b24f0000 - 0x00007ff8b2502000 	C:\WINDOWS\SYSTEM32\kernel.appcore.dll
0x00007ff8a18b0000 - 0x00007ff8a18ba000 	D:\111\jdk-19_windows-x64_bin\jdk-19.0.1\bin\jimage.dll
0x00007ff8ab4b0000 - 0x00007ff8ab694000 	C:\WINDOWS\SYSTEM32\DBGHELP.DLL
0x00007ff8ab470000 - 0x00007ff8ab4a4000 	C:\WINDOWS\SYSTEM32\dbgcore.DLL
0x00007ff8b4a10000 - 0x00007ff8b4a92000 	C:\WINDOWS\System32\bcryptPrimitives.dll
0x00007ff8ae060000 - 0x00007ff8ae06e000 	D:\111\jdk-19_windows-x64_bin\jdk-19.0.1\bin\instrument.dll
0x00007ff88a380000 - 0x00007ff88a3a6000 	D:\111\jdk-19_windows-x64_bin\jdk-19.0.1\bin\java.dll

dbghelp: loaded successfully - version: 4.0.5 - missing functions: none
symbol engine: initialized successfully - sym options: 0x614 - pdb path: .;D:\111\jdk-19_windows-x64_bin\jdk-19.0.1\bin;C:\WINDOWS\SYSTEM32;C:\WINDOWS\WinSxS\amd64_microsoft.windows.common-controls_6595b64144ccf1df_6.0.19041.1110_none_60b5254171f9507e;D:\111\jdk-19_windows-x64_bin\jdk-19.0.1\bin\server

VM Arguments:
jvm_args: -XX:TieredStopAtLevel=1 -Dspring.output.ansi.enabled=always -Dcom.sun.management.jmxremote -Dspring.jmx.enabled=true -Dspring.liveBeansView.mbeanDomain -Dspring.application.admin.enabled=true -javaagent:D:\ruanjian\IntelliJ IDEA 2022.2.3\lib\idea_rt.jar=52161:D:\ruanjian\IntelliJ IDEA 2022.2.3\bin -Dfile.encoding=UTF-8 -Dsun.stdout.encoding=UTF-8 -Dsun.stderr.encoding=UTF-8 
java_command: com.example.mpdemo.MpdemoApplication
java_class_path (initial): D:\桌面文件\文本\秋招\开发\后端\mpdemo\target\classes;D:\software_data\data\local_repo\org\springframework\boot\spring-boot-starter-web\2.7.9\spring-boot-starter-web-2.7.9.jar;D:\software_data\data\local_repo\org\springframework\boot\spring-boot-starter\2.7.9\spring-boot-starter-2.7.9.jar;D:\software_data\data\local_repo\org\springframework\boot\spring-boot-starter-logging\2.7.9\spring-boot-starter-logging-2.7.9.jar;D:\software_data\data\local_repo\ch\qos\logback\logback-classic\1.2.11\logback-classic-1.2.11.jar;D:\software_data\data\local_repo\ch\qos\logback\logback-core\1.2.11\logback-core-1.2.11.jar;D:\software_data\data\local_repo\org\apache\logging\log4j\log4j-to-slf4j\2.17.2\log4j-to-slf4j-2.17.2.jar;D:\software_data\data\local_repo\org\apache\logging\log4j\log4j-api\2.17.2\log4j-api-2.17.2.jar;D:\software_data\data\local_repo\org\slf4j\jul-to-slf4j\1.7.36\jul-to-slf4j-1.7.36.jar;D:\software_data\data\local_repo\jakarta\annotation\jakarta.annotation-api\1.3.5\jakarta.annotation-api-1.3.5.jar;D:\software_data\data\local_repo\org\yaml\snakeyaml\1.30\snakeyaml-1.30.jar;D:\software_data\data\local_repo\org\springframework\boot\spring-boot-starter-json\2.7.9\spring-boot-starter-json-2.7.9.jar;D:\software_data\data\local_repo\com\fasterxml\jackson\core\jackson-databind\2.13.5\jackson-databind-2.13.5.jar;D:\software_data\data\local_repo\com\fasterxml\jackson\core\jackson-core\2.13.5\jackson-core-2.13.5.jar;D:\software_data\data\local_repo\com\fasterxml\jackson\datatype\jackson-datatype-jdk8\2.13.5\jackson-datatype-jdk8-2.13.5.jar;D:\software_data\data\local_repo\com\fasterxml\jackson\datatype\jackson-datatype-jsr310\2.13.5\jackson-datatype-jsr310-2.13.5.jar;D:\software_data\data\local_repo\com\fasterxml\jackson\module\jackson-module-parameter-names\2.13.5\jackson-module-parameter-names-2.13.5.jar;D:\software_data\data\local_repo\org\springframework\boot\spring-boot-starter-tomcat\2.7.9\spring-boot-starter-tomcat-2.7.9.jar;D:\software_data\data\local_repo\org\apache\tomcat\embed\tomcat-embed-core\9.0.71\tomcat-embed-core-9.0.71.jar;D:\software_data\data\local_repo\org\apache\tomcat\embed\tomcat-embed-el\9.0.71\tomcat-embed-el-9.0.71.jar;D:\software_data\data\local_repo\org\apache\tomcat\embed\tomcat-embed-websocket\9.0.71\tomcat-embed-websocket-9.0.71.jar;D:\software_data\data\local_repo\org\springframework\spring-web\5.3.25\spring-web-5.3.25.jar;D:\software_data\data\local_repo\org\springframework\spring-beans\5.3.25\spring-beans-5.3.25.jar;D:\software_data\data\local_repo\org\springframework\spring-webmvc\5.3.25\spring-webmvc-5.3.25.jar;D:\software_data\data\local_repo\org\springframework\spring-aop\5.3.25\spring-aop-5.3.25.jar;D:\software_data\data\local_repo\org\springframework\spring-context\5.3.25\spring-context-5.3.25.jar;D:\software_data\data\local_repo\org\springframework\spring-expression\5.3.25\spring-expression-5.3.25.jar;D:\software_data\data\local_repo\org\springframework\boot\spring-boot-devtools\2.7.9\spring-boot-devtools-2.7.9.jar;D:\software_data\data\local_repo\org\springframework\boot\spring-boot\2.7.9\spring-boot-2.7.9.jar;D:\software_data\data\local_repo\org\springframework\boot\spring-boot-autoconfigure\2.7.9\spring-boot-autoconfigure-2.7.9.jar;D:\software_data\data\local_repo\net\bytebuddy\byte-buddy\1.12.23\byte-buddy-1.12.23.jar;D:\software_data\data\local_repo\org\springframework\spring-core\5.3.25\spring-core-5.3.25.jar;D:\software_data\data\local_repo\org\springframework\spring-jcl\5.3.25\spring-jcl-5.3.25.jar;D:\software_data\data\local_repo\com\baomidou\mybatis-plus-boot-starter\3.4.2\mybatis-plus-boot-starter-3.4.2.jar;D:\software_data\data\local_repo\com\baomidou\mybatis-plus\3.4.2\mybatis-plus-3.4.2.jar;D:\software_data\data\local_repo\com\baomidou\mybatis-plus-extension\3.4.2\mybatis-plus-extension-3.4.2.jar;D:\software_data\data\local_repo\com\baomidou\mybatis-plus-core\3.4.2\mybatis-plus-core-3.4.2.jar;D:\software_data\data\local_repo\com\baomidou\mybatis-plus-annotation\3.4.2\mybatis-plus-annotation-3.4.2.jar;D:\software_data\data\local_repo\com\github\jsqlparser\jsqlparser\4.0\jsqlparser-4.0.jar;D:\software_data\data\local_repo\org\mybatis\mybatis\3.5.6\mybatis-3.5.6.jar;D:\software_data\data\local_repo\org\mybatis\mybatis-spring\2.0.5\mybatis-spring-2.0.5.jar;D:\software_data\data\local_repo\org\springframework\boot\spring-boot-starter-jdbc\2.7.9\spring-boot-starter-jdbc-2.7.9.jar;D:\software_data\data\local_repo\com\zaxxer\HikariCP\4.0.3\HikariCP-4.0.3.jar;D:\software_data\data\local_repo\org\springframework\spring-jdbc\5.3.25\spring-jdbc-5.3.25.jar;D:\software_data\data\local_repo\org\springframework\spring-tx\5.3.25\spring-tx-5.3.25.jar;D:\software_data\data\local_repo\mysql\mysql-connector-java\5.1.47\mysql-connector-java-5.1.47.jar;D:\software_data\data\local_repo\com\alibaba\druid-spring-boot-starter\1.1.20\druid-spring-boot-starter-1.1.20.jar;D:\software_data\data\local_repo\com\alibaba\druid\1.1.20\druid-1.1.20.jar;D:\software_data\data\local_repo\org\slf4j\slf4j-api\1.7.36\slf4j-api-1.7.36.jar;D:\software_data\data\local_repo\io\springfox\springfox-swagger2\2.9.2\springfox-swagger2-2.9.2.jar;D:\software_data\data\local_repo\io\swagger\swagger-annotations\1.5.20\swagger-annotations-1.5.20.jar;D:\software_data\data\local_repo\io\swagger\swagger-models\1.5.20\swagger-models-1.5.20.jar;D:\software_data\data\local_repo\com\fasterxml\jackson\core\jackson-annotations\2.13.5\jackson-annotations-2.13.5.jar;D:\software_data\data\local_repo\io\springfox\springfox-spi\2.9.2\springfox-spi-2.9.2.jar;D:\software_data\data\local_repo\io\springfox\springfox-core\2.9.2\springfox-core-2.9.2.jar;D:\software_data\data\local_repo\io\springfox\springfox-schema\2.9.2\springfox-schema-2.9.2.jar;D:\software_data\data\local_repo\io\springfox\springfox-swagger-common\2.9.2\springfox-swagger-common-2.9.2.jar;D:\software_data\data\local_repo\io\springfox\springfox-spring-web\2.9.2\springfox-spring-web-2.9.2.jar;D:\software_data\data\local_repo\com\google\guava\guava\20.0\guava-20.0.jar;D:\software_data\data\local_repo\com\fasterxml\classmate\1.5.1\classmate-1.5.1.jar;D:\software_data\data\local_repo\org\springframework\plugin\spring-plugin-core\1.2.0.RELEASE\spring-plugin-core-1.2.0.RELEASE.jar;D:\software_data\data\local_repo\org\springframework\plugin\spring-plugin-metadata\1.2.0.RELEASE\spring-plugin-metadata-1.2.0.RELEASE.jar;D:\software_data\data\local_repo\org\mapstruct\mapstruct\1.2.0.Final\mapstruct-1.2.0.Final.jar;D:\software_data\data\local_repo\io\springfox\springfox-swagger-ui\2.9.2\springfox-swagger-ui-2.9.2.jar;D:\software_data\data\local_repo\org\projectlombok\lombok\1.18.26\lombok-1.18.26.jar
Launcher Type: SUN_STANDARD

[Global flags]
     intx CICompilerCount                          = 4                                         {product} {ergonomic}
     uint ConcGCThreads                            = 3                                         {product} {ergonomic}
     uint G1ConcRefinementThreads                  = 10                                        {product} {ergonomic}
   size_t G1HeapRegionSize                         = 2097152                                   {product} {ergonomic}
    uintx GCDrainStackTargetSize                   = 64                                        {product} {ergonomic}
   size_t InitialHeapSize                          = 266338304                                 {product} {ergonomic}
     bool ManagementServer                         = true                                      {product} {command line}
   size_t MarkStackSize                            = 4194304                                   {product} {ergonomic}
   size_t MaxHeapSize                              = 4253024256                                {product} {ergonomic}
   size_t MinHeapDeltaBytes                        = 2097152                                   {product} {ergonomic}
   size_t MinHeapSize                              = 8388608                                   {product} {ergonomic}
    uintx NonProfiledCodeHeapSize                  = 0                                      {pd product} {ergonomic}
     bool ProfileInterpreter                       = false                                  {pd product} {command line}
    uintx ProfiledCodeHeapSize                     = 0                                      {pd product} {ergonomic}
   size_t SoftMaxHeapSize                          = 4253024256                             {manageable} {ergonomic}
     intx TieredStopAtLevel                        = 1                                         {product} {command line}
     bool UseCompressedClassPointers               = true                           {product lp64_product} {ergonomic}
     bool UseCompressedOops                        = true                           {product lp64_product} {ergonomic}
     bool UseG1GC                                  = true                                      {product} {ergonomic}
     bool UseLargePagesIndividualAllocation        = false                                  {pd product} {ergonomic}

Logging:
Log output configuration:
 #0: stdout all=warning uptime,level,tags foldmultilines=false
 #1: stderr all=off uptime,level,tags foldmultilines=false

Environment Variables:
JAVA_HOME=D:\111\jdk-19_windows-x64_bin\jdk-19.0.1
CLASSPATH=%JAVA_HOME\lib\dt.jar;%JAVA_HOME\lib\tools.jar;
PATH=D:\Software\Xshell6\;D:\Software\Xftp6\;C:\Windows\system32;C:\Windows;C:\Windows\System32\Wbem;C:\Windows\System32\WindowsPowerShell\v1.0\;C:\Windows\System32\OpenSSH\;C:\Program Files (x86)\NVIDIA Corporation\PhysX\Common;D:\Software\Python38;D:\Software\Python38\Scripts;D:\ruanjian\anaconda3;D:\ruanjian\anaconda3\Scripts;D:\Software\Git\cmd;C:\WINDOWS\system32;C:\WINDOWS;C:\WINDOWS\System32\Wbem;C:\WINDOWS\System32\WindowsPowerShell\v1.0\;C:\WINDOWS\System32\OpenSSH\;C:\Program Files\NVIDIA Corporation\NVIDIA NvDLISR;C:\Program Files\Microsoft SQL Server\90\DTS\Binn\;D:\Software\Xlpd 7\;D:\111\ffmpeg;D:\111;D:\software_data\download\mysql-8.0.30-winx64\mysql-8.0.30-winx64\bin;D:\111\jdk-19_windows-x64_bin\jdk-19.0.1\bin;D:\Software\nodejs\;D:\software_data\apache-tomcat-10.0.27\lib;D:\software_data\apache-tomcat-10.0.27\bin;C:\Users\liuwei\AppData\Local\Microsoft\WindowsApps;C:\Users\liuwei\AppData\Local\Programs\Microsoft VS Code\bin;C:\Program Files\Bandizip\;D:\Software\MiKTeX\miktex\bin\x64\;D:\Software\MiKTeX;D:\ruanjian\PyCharm 2021.3.2\bin;;C:\MinGW\bin;;D:\ruanjian\WebStorm 2022.2.3\bin;;D:\ruanjian\IntelliJ IDEA 2022.2.3\bin;;D:\Software\DataGrip 2022.3\bin;;C:\Users\liuwei\AppData\Roaming\npm
USERNAME=liuwei
OS=Windows_NT
PROCESSOR_IDENTIFIER=Intel64 Family 6 Model 165 Stepping 2, GenuineIntel
TMP=C:\Users\liuwei\AppData\Local\Temp
TEMP=C:\Users\liuwei\AppData\Local\Temp



---------------  S Y S T E M  ---------------

OS:
 Windows 10 , 64 bit Build 19041 (10.0.19041.2913)
OS uptime: 0 days 13:08 hours

CPU: total 12 (initial active 12) (6 cores per cpu, 2 threads per core) family 6 model 165 stepping 2 microcode 0xc6, cx8, cmov, fxsr, ht, mmx, 3dnowpref, sse, sse2, sse3, ssse3, sse4.1, sse4.2, popcnt, lzcnt, tsc, tscinvbit, avx, avx2, aes, erms, clmul, bmi1, bmi2, adx, fma, vzeroupper, clflush, clflushopt, rdtscp

Memory: 4k page, system-wide physical 16220M (649M free)
TotalPageFile size 22364M (AvailPageFile size 47M)
current process WorkingSet (physical memory assigned to process): 11M, peak: 11M
current process commit charge ("private bytes"): 59M, peak: 313M

vm_info: Java HotSpot(TM) 64-Bit Server VM (19.0.1+10-21) for windows-amd64 JRE (19.0.1+10-21), built on 2022-09-14T12:45:06Z by "mach5one" with MS VC++ 17.1 (VS2022)

END.
